2025-03-31 09:49:19,182 - CRITICAL - Application initialization failed: 'HomeModule' object has no attribute 'update_graphs'
2025-03-31 09:49:19,182 - CRITICAL - Fatal error: 'HomeModule' object has no attribute 'update_graphs'
2025-03-31 09:51:33,924 - CRITICAL - Application initialization failed: 'HomeModule' object has no attribute 'update_graphs'
2025-03-31 09:51:33,925 - CRITICAL - Fatal error: 'HomeModule' object has no attribute 'update_graphs'
2025-03-31 10:40:02,621 - CRITICAL - Application initialization failed: 'HomeModule' object has no attribute 'update_graphs'
2025-03-31 10:40:02,622 - CRITICAL - Fatal error: 'HomeModule' object has no attribute 'update_graphs'
2025-03-31 10:41:01,778 - CRITICAL - Application initialization failed: 'HomeModule' object has no attribute 'update_graphs'
2025-03-31 10:41:01,779 - CRITICAL - Fatal error: 'HomeModule' object has no attribute 'update_graphs'
2025-03-31 10:41:51,826 - CRITICAL - Application initialization failed: 'HomeModule' object has no attribute 'update_graphs'
2025-03-31 10:41:51,827 - CRITICAL - Fatal error: 'HomeModule' object has no attribute 'update_graphs'
2025-03-31 11:01:18,432 - ERROR - Commodity update failed: 'WHEET_SYMBOL'
2025-03-31 11:07:00,061 - ERROR - Commodity update failed: 'WHEET_SYMBOL'
2025-03-31 11:08:03,409 - ERROR - Commodity update failed: 'WHEET_SYMBOL'
2025-03-31 11:09:01,394 - ERROR - Exchange rate update failed: 'Close'
2025-03-31 11:09:01,396 - ERROR - Commodity update failed: 'WHEET_SYMBOL'
2025-03-31 11:10:01,163 - ERROR - Exchange rate update failed: 'Close'
2025-03-31 11:10:01,164 - ERROR - Commodity update failed: 'WHEET_SYMBOL'
2025-03-31 11:11:00,939 - ERROR - Exchange rate update failed: 'Close'
2025-03-31 11:11:00,940 - ERROR - Commodity update failed: 'WHEET_SYMBOL'
2025-03-31 11:12:01,453 - ERROR - Exchange rate update failed: 'Close'
2025-03-31 11:12:01,454 - ERROR - Commodity update failed: 'WHEET_SYMBOL'
2025-03-31 11:13:01,162 - ERROR - Exchange rate update failed: 'Close'
2025-03-31 11:13:01,164 - ERROR - Commodity update failed: 'WHEET_SYMBOL'
2025-03-31 11:14:44,919 - ERROR - Exchange rate update failed: 'Close'
2025-03-31 11:14:44,921 - ERROR - Commodity update failed: 'WHEET_SYMBOL'
2025-03-31 11:15:52,217 - ERROR - Exchange rate update failed: 'Close'
2025-03-31 11:15:54,011 - ERROR - Commodity update failed: array length 0 does not match index length 4
2025-03-31 11:16:54,452 - ERROR - Exchange rate update failed: 'Close'
2025-03-31 11:16:55,162 - ERROR - Commodity update failed: array length 0 does not match index length 4
2025-03-31 11:17:54,476 - ERROR - Exchange rate update failed: 'Close'
2025-03-31 11:17:55,411 - ERROR - Commodity update failed: array length 0 does not match index length 4
2025-03-31 11:18:54,551 - ERROR - Exchange rate update failed: 'Close'
2025-03-31 11:18:55,375 - ERROR - Commodity update failed: array length 0 does not match index length 4
2025-03-31 12:58:27,031 - ERROR - Exchange rate update failed: 'Close'
2025-03-31 12:58:28,860 - ERROR - Commodity update failed: array length 0 does not match index length 4
